<!DOCTYPE html PUBLIC "-//W3C//DTD XHTML 1.1//EN" "https://www.w3.org/TR/xhtml11/DTD/xhtml11.dtd">
<html xmlns="https://www.w3.org/1999/xhtml">
<head>
<meta http-equiv="content-type" content="text/html; charset=UTF-8"/>
<title>TestNG Report</title>
<style type="text/css">table {margin-bottom:10px;border-collapse:collapse;empty-cells:show}th,td {border:1px solid #009;padding:.25em .5em}th {vertical-align:bottom}td {vertical-align:top}table a {font-weight:bold}.stripe td {background-color: #E6EBF9}.num {text-align:right}.passedodd td {background-color: #3F3}.passedeven td {background-color: #0A0}.skippedodd td {background-color: #DDD}.skippedeven td {background-color: #CCC}.failedodd td,.attn {background-color: #F33}.failedeven td,.stripe .attn {background-color: #D00}.stacktrace {white-space:pre;font-family:monospace}.totop {font-size:85%;text-align:center;border-bottom:2px solid #000}.invisible {display:none}</style>
</head>
<body>
<table>
<tr><th>Test</th><th># Passed</th><th># Skipped</th><th># Retried</th><th># Failed</th><th>Time (ms)</th><th>Included Groups</th><th>Excluded Groups</th></tr>
<tr><th colspan="8">Suite</th></tr>
<tr><td><a href="#t0">Test</a></td><td class="num">21</td><td class="num">0</td><td class="num">0</td><td class="num attn">3</td><td class="num">236,005</td><td></td><td></td></tr>
</table>
<table id='summary'><thead><tr><th>Class</th><th>Method</th><th>Start</th><th>Time (ms)</th></tr></thead><tbody><tr><th colspan="4">Suite</th></tr></tbody><tbody id="t0"><tr><th colspan="4">Test &#8212; failed</th></tr><tr class="failedeven"><td rowspan="1">tests.LoginModule</td><td><a href="#m0">LoginFunctionality</a></td><td rowspan="1">1751443308349</td><td rowspan="1">1828</td></tr><tr class="failedodd"><td rowspan="1">tests.PlaceOrderModule</td><td><a href="#m1">testPlaceOrderWithEmptyForm</a></td><td rowspan="1">1751443429469</td><td rowspan="1">5562</td></tr><tr class="failedeven"><td rowspan="1">tests.UIandUXModule</td><td><a href="#m2">AlertPopupStyling</a></td><td rowspan="1">1751443360047</td><td rowspan="1">10884</td></tr><tr><th colspan="4">Test &#8212; passed</th></tr><tr class="passedeven"><td rowspan="3">tests.AddToCartModule</td><td><a href="#m3">AddMutilpleProductToCart</a></td><td rowspan="1">1751443468486</td><td rowspan="1">13634</td></tr><tr class="passedeven"><td><a href="#m4">RemoveAddedProductFromCart</a></td><td rowspan="1">1751443455083</td><td rowspan="1">7193</td></tr><tr class="passedeven"><td><a href="#m5">testAddProductToCart</a></td><td rowspan="1">1751443441311</td><td rowspan="1">6716</td></tr><tr class="passedodd"><td rowspan="1">tests.LogOutModule</td><td><a href="#m6">LogoutFunctionality</a></td><td rowspan="1">1751443514330</td><td rowspan="1">6856</td></tr><tr class="passedeven"><td rowspan="3">tests.LoginModule</td><td><a href="#m7">LoginFunctionality</a></td><td rowspan="3">1751443300615</td><td rowspan="3">1657</td></tr><tr class="passedeven"><td><a href="#m8">LoginFunctionality</a></td></tr><tr class="passedeven"><td><a href="#m9">LoginFunctionality</a></td></tr><tr class="passedodd"><td rowspan="4">tests.NavigationModule</td><td><a href="#m10">Navigation</a></td><td rowspan="1">1751443395231</td><td rowspan="1">1326</td></tr><tr class="passedodd"><td><a href="#m11">testNavbarLinks</a></td><td rowspan="1">1751443384625</td><td rowspan="1">4796</td></tr><tr class="passedodd"><td><a href="#m12">testNavigateToHome</a></td><td rowspan="1">1751443377219</td><td rowspan="1">695</td></tr><tr class="passedodd"><td><a href="#m13">testViewProductDetails</a></td><td rowspan="1">1751443403782</td><td rowspan="1">2711</td></tr><tr class="passedeven"><td rowspan="1">tests.PlaceOrderModule</td><td><a href="#m14">testPlaceOrderWithValidDetails</a></td><td rowspan="1">1751443413600</td><td rowspan="1">9447</td></tr><tr class="passedodd"><td rowspan="2">tests.ResponsiveTestModule</td><td><a href="#m15">testNoHorizontalScrollOnMobile</a></td><td rowspan="1">1751443323925</td><td rowspan="1">1501</td></tr><tr class="passedodd"><td><a href="#m16">testNoHorizontalScrollOnTablet</a></td><td rowspan="1">1751443331374</td><td rowspan="1">1497</td></tr><tr class="passedeven"><td rowspan="3">tests.SignUpModule</td><td><a href="#m17">SignUp</a></td><td rowspan="3">1751443505245</td><td rowspan="3">2652</td></tr><tr class="passedeven"><td><a href="#m18">SignUp</a></td></tr><tr class="passedeven"><td><a href="#m19">SignUp</a></td></tr><tr class="passedodd"><td rowspan="4">tests.UIandUXModule</td><td><a href="#m20">ActionButtonsVisibility</a></td><td rowspan="1">1751443352918</td><td rowspan="1">225</td></tr><tr class="passedodd"><td><a href="#m21">FontConsistency</a></td><td rowspan="1">1751443359127</td><td rowspan="1">690</td></tr><tr class="passedodd"><td><a href="#m22">ProductTileAlignment</a></td><td rowspan="1">1751443338627</td><td rowspan="1">1109</td></tr><tr class="passedodd"><td><a href="#m23">getPasswordFieldType</a></td><td rowspan="1">1751443345794</td><td rowspan="1">378</td></tr></tbody>
</table>
<h2>Test</h2><h3 id="m0">tests.LoginModule#LoginFunctionality</h3><table class="result"><tr class="param"><th>Parameter #1</th><th>Parameter #2</th><th>Parameter #3</th><th>Parameter #4</th></tr><tr class="param stripe"><td>May Happy</td><td>Abdy</td><td>Wrong Password</td><td>Wrong password.</td></tr><tr><th colspan="4">Exception</th></tr><tr><td colspan="4"><div class="stacktrace">java.lang.AssertionError: expected [Wrong password.] but found [Please fill out Username and Password.]
	at pages.LoginPage.validateLogin(LoginPage.java:80)
	at tests.LoginModule.LoginFunctionality(LoginModule.java:35)
	at java.base/java.util.ArrayList.forEach(ArrayList.java:1596)
... Removed 35 stack frames</div></td></tr></table><p class="totop"><a href="#summary">back to summary</a></p>
<h3 id="m1">tests.PlaceOrderModule#testPlaceOrderWithEmptyForm</h3><table class="result"><tr><th>Exception</th></tr><tr><td><div class="stacktrace">org.openqa.selenium.ElementClickInterceptedException: element click intercepted: Element &lt;button type=&quot;button&quot; onclick=&quot;purchaseOrder()&quot; class=&quot;btn btn-primary&quot;&gt;...&lt;/button&gt; is not clickable at point (936, 659). Other element would receive the click: &lt;div class=&quot;form-group&quot;&gt;...&lt;/div&gt;
  (Session info: chrome=138.0.7204.97)
Build info: version: &apos;4.32.0&apos;, revision: &apos;d17c8aa950&apos;
System info: os.name: &apos;Windows 11&apos;, os.arch: &apos;amd64&apos;, os.version: &apos;10.0&apos;, java.version: &apos;21.0.6&apos;
Driver info: org.openqa.selenium.chrome.ChromeDriver
Command: [28607bc9f89c7de60b5e3205545dfe37, clickElement {id=f.3A210C897B8B11226C8398F5F8E4C5BD.d.70C0F5D49B553EB7A2F4519394841673.e.196}]
Capabilities {acceptInsecureCerts: false, browserName: chrome, browserVersion: 138.0.7204.97, chrome: {chromedriverVersion: 138.0.7204.92 (f079b9bc781e..., userDataDir: C:\Users\Vaseera\AppData\Lo...}, fedcm:accounts: true, goog:chromeOptions: {debuggerAddress: localhost:50487}, networkConnectionEnabled: false, pageLoadStrategy: normal, platformName: windows, proxy: Proxy(), se:cdp: ws://localhost:50487/devtoo..., se:cdpVersion: 138.0.7204.97, setWindowRect: true, strictFileInteractability: false, timeouts: {implicit: 0, pageLoad: 300000, script: 30000}, unhandledPromptBehavior: dismiss and notify, webauthn:extension:credBlob: true, webauthn:extension:largeBlob: true, webauthn:extension:minPinLength: true, webauthn:extension:prf: true, webauthn:virtualAuthenticators: true}
Element: [[ChromeDriver: chrome on windows (28607bc9f89c7de60b5e3205545dfe37)] -&gt; xpath: //button[text()=&apos;Purchase&apos;]]
Session ID: 28607bc9f89c7de60b5e3205545dfe37
	at org.openqa.selenium.remote.ErrorCodec.decode(ErrorCodec.java:167)
	at org.openqa.selenium.remote.codec.w3c.W3CHttpResponseCodec.decode(W3CHttpResponseCodec.java:138)
	at org.openqa.selenium.remote.codec.w3c.W3CHttpResponseCodec.decode(W3CHttpResponseCodec.java:50)
	at org.openqa.selenium.remote.HttpCommandExecutor.execute(HttpCommandExecutor.java:215)
	at org.openqa.selenium.remote.service.DriverCommandExecutor.invokeExecute(DriverCommandExecutor.java:216)
	at org.openqa.selenium.remote.service.DriverCommandExecutor.execute(DriverCommandExecutor.java:174)
	at org.openqa.selenium.remote.RemoteWebDriver.execute(RemoteWebDriver.java:545)
	at org.openqa.selenium.remote.RemoteWebElement.execute(RemoteWebElement.java:223)
	at org.openqa.selenium.remote.RemoteWebElement.click(RemoteWebElement.java:76)
	at org.openqa.selenium.support.pagefactory.internal.LocatingElementHandler.invoke(LocatingElementHandler.java:51)
	at jdk.proxy2/jdk.proxy2.$Proxy16.click(Unknown Source)
	at pages.PlaceOrderPage.ClickPurchaseBtn(PlaceOrderPage.java:62)
	at tests.PlaceOrderModule.testPlaceOrderWithEmptyForm(PlaceOrderModule.java:84)
	at java.base/java.util.ArrayList.forEach(ArrayList.java:1596)
... Removed 34 stack frames</div></td></tr></table><p class="totop"><a href="#summary">back to summary</a></p>
<h3 id="m2">tests.UIandUXModule#AlertPopupStyling</h3><table class="result"><tr><th>Exception</th></tr><tr><td><div class="stacktrace">org.openqa.selenium.UnhandledAlertException: unexpected alert open: {Alert text : Product added}
  (Session info: chrome=138.0.7204.97): Product added
Build info: version: &apos;4.32.0&apos;, revision: &apos;d17c8aa950&apos;
System info: os.name: &apos;Windows 11&apos;, os.arch: &apos;amd64&apos;, os.version: &apos;10.0&apos;, java.version: &apos;21.0.6&apos;
Driver info: org.openqa.selenium.chrome.ChromeDriver
Command: [46a33bdd451ce2818e4872051a9bd598, screenshot {}]
Capabilities {acceptInsecureCerts: false, browserName: chrome, browserVersion: 138.0.7204.97, chrome: {chromedriverVersion: 138.0.7204.92 (f079b9bc781e..., userDataDir: C:\Users\Vaseera\AppData\Lo...}, fedcm:accounts: true, goog:chromeOptions: {debuggerAddress: localhost:50296}, networkConnectionEnabled: false, pageLoadStrategy: normal, platformName: windows, proxy: Proxy(), se:cdp: ws://localhost:50296/devtoo..., se:cdpVersion: 138.0.7204.97, setWindowRect: true, strictFileInteractability: false, timeouts: {implicit: 0, pageLoad: 300000, script: 30000}, unhandledPromptBehavior: dismiss and notify, webauthn:extension:credBlob: true, webauthn:extension:largeBlob: true, webauthn:extension:minPinLength: true, webauthn:extension:prf: true, webauthn:virtualAuthenticators: true}
Session ID: 46a33bdd451ce2818e4872051a9bd598
	at org.openqa.selenium.remote.codec.w3c.W3CHttpResponseCodec.decode(W3CHttpResponseCodec.java:136)
	at org.openqa.selenium.remote.codec.w3c.W3CHttpResponseCodec.decode(W3CHttpResponseCodec.java:50)
	at org.openqa.selenium.remote.HttpCommandExecutor.execute(HttpCommandExecutor.java:215)
	at org.openqa.selenium.remote.service.DriverCommandExecutor.invokeExecute(DriverCommandExecutor.java:216)
	at org.openqa.selenium.remote.service.DriverCommandExecutor.execute(DriverCommandExecutor.java:174)
	at org.openqa.selenium.remote.RemoteWebDriver.execute(RemoteWebDriver.java:545)
	at org.openqa.selenium.remote.RemoteWebDriver.execute(RemoteWebDriver.java:618)
	at org.openqa.selenium.remote.RemoteWebDriver.execute(RemoteWebDriver.java:622)
	at org.openqa.selenium.remote.RemoteWebDriver.getScreenshotAs(RemoteWebDriver.java:334)
	at utils.Utility.screenShot(Utility.java:102)
	at utils.Listeners.onTestSuccess(Listeners.java:22)
	at java.base/java.util.ArrayList.forEach(ArrayList.java:1596)
... Removed 28 stack frames</div></td></tr></table><p class="totop"><a href="#summary">back to summary</a></p>
<h3 id="m3">tests.AddToCartModule#AddMutilpleProductToCart</h3><table class="result"><tr><th class="invisible"/></tr></table><p class="totop"><a href="#summary">back to summary</a></p>
<h3 id="m4">tests.AddToCartModule#RemoveAddedProductFromCart</h3><table class="result"><tr><th class="invisible"/></tr></table><p class="totop"><a href="#summary">back to summary</a></p>
<h3 id="m5">tests.AddToCartModule#testAddProductToCart</h3><table class="result"><tr><th class="invisible"/></tr></table><p class="totop"><a href="#summary">back to summary</a></p>
<h3 id="m6">tests.LogOutModule#LogoutFunctionality</h3><table class="result"><tr><th class="invisible"/></tr></table><p class="totop"><a href="#summary">back to summary</a></p>
<h3 id="m7">tests.LoginModule#LoginFunctionality</h3><table class="result"><tr class="param"><th>Parameter #1</th><th>Parameter #2</th><th>Parameter #3</th><th>Parameter #4</th></tr><tr class="param stripe"><td></td><td></td><td>No User</td><td>Please fill out Username and Password.</td></tr></table><p class="totop"><a href="#summary">back to summary</a></p>
<h3 id="m8">tests.LoginModule#LoginFunctionality</h3><table class="result"><tr class="param"><th>Parameter #1</th><th>Parameter #2</th><th>Parameter #3</th><th>Parameter #4</th></tr><tr class="param stripe"><td>Narutozzzzzzzzzzz</td><td>abdul123</td><td>Not Registered</td><td>User does not exist.</td></tr></table><p class="totop"><a href="#summary">back to summary</a></p>
<h3 id="m9">tests.LoginModule#LoginFunctionality</h3><table class="result"><tr class="param"><th>Parameter #1</th><th>Parameter #2</th><th>Parameter #3</th><th>Parameter #4</th></tr><tr class="param stripe"><td>May Happy</td><td>abdul123</td><td>Valid</td><td>Welcome</td></tr></table><p class="totop"><a href="#summary">back to summary</a></p>
<h3 id="m10">tests.NavigationModule#Navigation</h3><table class="result"><tr><th class="invisible"/></tr></table><p class="totop"><a href="#summary">back to summary</a></p>
<h3 id="m11">tests.NavigationModule#testNavbarLinks</h3><table class="result"><tr><th class="invisible"/></tr></table><p class="totop"><a href="#summary">back to summary</a></p>
<h3 id="m12">tests.NavigationModule#testNavigateToHome</h3><table class="result"><tr><th class="invisible"/></tr></table><p class="totop"><a href="#summary">back to summary</a></p>
<h3 id="m13">tests.NavigationModule#testViewProductDetails</h3><table class="result"><tr><th class="invisible"/></tr></table><p class="totop"><a href="#summary">back to summary</a></p>
<h3 id="m14">tests.PlaceOrderModule#testPlaceOrderWithValidDetails</h3><table class="result"><tr><th class="invisible"/></tr></table><p class="totop"><a href="#summary">back to summary</a></p>
<h3 id="m15">tests.ResponsiveTestModule#testNoHorizontalScrollOnMobile</h3><table class="result"><tr><th class="invisible"/></tr></table><p class="totop"><a href="#summary">back to summary</a></p>
<h3 id="m16">tests.ResponsiveTestModule#testNoHorizontalScrollOnTablet</h3><table class="result"><tr><th class="invisible"/></tr></table><p class="totop"><a href="#summary">back to summary</a></p>
<h3 id="m17">tests.SignUpModule#SignUp</h3><table class="result"><tr class="param"><th>Parameter #1</th><th>Parameter #2</th><th>Parameter #3</th><th>Parameter #4</th></tr><tr class="param stripe"><td>July Happy</td><td>abdul123</td><td>Duplicate</td><td>This user already exist.</td></tr></table><p class="totop"><a href="#summary">back to summary</a></p>
<h3 id="m18">tests.SignUpModule#SignUp</h3><table class="result"><tr class="param"><th>Parameter #1</th><th>Parameter #2</th><th>Parameter #3</th><th>Parameter #4</th></tr><tr class="param stripe"><td>Iron Groot</td><td>abdul123</td><td>Valid</td><td>Sign up successful.</td></tr></table><p class="totop"><a href="#summary">back to summary</a></p>
<h3 id="m19">tests.SignUpModule#SignUp</h3><table class="result"><tr class="param"><th>Parameter #1</th><th>Parameter #2</th><th>Parameter #3</th><th>Parameter #4</th></tr><tr class="param stripe"><td></td><td></td><td>No User</td><td>Please fill out Username and Password.</td></tr></table><p class="totop"><a href="#summary">back to summary</a></p>
<h3 id="m20">tests.UIandUXModule#ActionButtonsVisibility</h3><table class="result"><tr><th class="invisible"/></tr></table><p class="totop"><a href="#summary">back to summary</a></p>
<h3 id="m21">tests.UIandUXModule#FontConsistency</h3><table class="result"><tr><th class="invisible"/></tr></table><p class="totop"><a href="#summary">back to summary</a></p>
<h3 id="m22">tests.UIandUXModule#ProductTileAlignment</h3><table class="result"><tr><th class="invisible"/></tr></table><p class="totop"><a href="#summary">back to summary</a></p>
<h3 id="m23">tests.UIandUXModule#getPasswordFieldType</h3><table class="result"><tr><th class="invisible"/></tr></table><p class="totop"><a href="#summary">back to summary</a></p>
</body>
</html>
