<?xml version="1.0" encoding="UTF-8"?>
<testng-results ignored="0" total="24" passed="21" failed="3" skipped="0">
  <reporter-output>
  </reporter-output>
  <suite started-at="2025-07-02T13:31:25 IST" name="Suite" finished-at="2025-07-02T13:35:21 IST" duration-ms="236005">
    <groups>
    </groups>
    <test started-at="2025-07-02T13:31:25 IST" name="Test" finished-at="2025-07-02T13:35:21 IST" duration-ms="236005">
      <class name="tests.NavigationModule">
        <test-method is-config="true" signature="setup()[pri:0, instance:tests.NavigationModule@4562e04d]" started-at="2025-07-02T13:31:25 IST" name="setup" finished-at="2025-07-02T13:31:25 IST" duration-ms="0" status="PASS">
          <reporter-output>
          </reporter-output>
        </test-method> <!-- setup -->
        <test-method is-config="true" signature="testDeatils()[pri:0, instance:tests.NavigationModule@4562e04d]" started-at="2025-07-02T13:32:51 IST" name="testDeatils" finished-at="2025-07-02T13:32:51 IST" duration-ms="0" status="PASS">
          <reporter-output>
          </reporter-output>
        </test-method> <!-- testDeatils -->
        <test-method is-config="true" signature="browserLaunchAndUrlLoad(java.lang.String,java.lang.String)[pri:0, instance:tests.NavigationModule@4562e04d]" started-at="2025-07-02T13:32:51 IST" name="browserLaunchAndUrlLoad" finished-at="2025-07-02T13:32:57 IST" duration-ms="6079" status="PASS">
          <params>
            <param index="0">
              <value>
                <![CDATA[Chrome]]>
              </value>
            </param>
            <param index="1">
              <value>
                <![CDATA[https://www.demoblaze.com/]]>
              </value>
            </param>
          </params>
          <reporter-output>
          </reporter-output>
        </test-method> <!-- browserLaunchAndUrlLoad -->
        <test-method signature="testNavigateToHome()[pri:1, instance:tests.NavigationModule@4562e04d]" started-at="2025-07-02T13:32:57 IST" name="testNavigateToHome" finished-at="2025-07-02T13:32:57 IST" duration-ms="695" status="PASS">
          <reporter-output>
          </reporter-output>
        </test-method> <!-- testNavigateToHome -->
        <test-method is-config="true" signature="browserLaunchAndUrlLoad(java.lang.String,java.lang.String)[pri:0, instance:tests.NavigationModule@4562e04d]" started-at="2025-07-02T13:32:58 IST" name="browserLaunchAndUrlLoad" finished-at="2025-07-02T13:33:04 IST" duration-ms="6505" status="PASS">
          <params>
            <param index="0">
              <value>
                <![CDATA[Chrome]]>
              </value>
            </param>
            <param index="1">
              <value>
                <![CDATA[https://www.demoblaze.com/]]>
              </value>
            </param>
          </params>
          <reporter-output>
          </reporter-output>
        </test-method> <!-- browserLaunchAndUrlLoad -->
        <test-method signature="testNavbarLinks()[pri:2, instance:tests.NavigationModule@4562e04d]" started-at="2025-07-02T13:33:04 IST" name="testNavbarLinks" finished-at="2025-07-02T13:33:09 IST" duration-ms="4796" status="PASS">
          <reporter-output>
          </reporter-output>
        </test-method> <!-- testNavbarLinks -->
        <test-method is-config="true" signature="browserLaunchAndUrlLoad(java.lang.String,java.lang.String)[pri:0, instance:tests.NavigationModule@4562e04d]" started-at="2025-07-02T13:33:09 IST" name="browserLaunchAndUrlLoad" finished-at="2025-07-02T13:33:15 IST" duration-ms="5662" status="PASS">
          <params>
            <param index="0">
              <value>
                <![CDATA[Chrome]]>
              </value>
            </param>
            <param index="1">
              <value>
                <![CDATA[https://www.demoblaze.com/]]>
              </value>
            </param>
          </params>
          <reporter-output>
          </reporter-output>
        </test-method> <!-- browserLaunchAndUrlLoad -->
        <test-method signature="Navigation()[pri:3, instance:tests.NavigationModule@4562e04d]" started-at="2025-07-02T13:33:15 IST" name="Navigation" finished-at="2025-07-02T13:33:16 IST" duration-ms="1326" status="PASS">
          <reporter-output>
          </reporter-output>
        </test-method> <!-- Navigation -->
        <test-method is-config="true" signature="browserLaunchAndUrlLoad(java.lang.String,java.lang.String)[pri:0, instance:tests.NavigationModule@4562e04d]" started-at="2025-07-02T13:33:16 IST" name="browserLaunchAndUrlLoad" finished-at="2025-07-02T13:33:23 IST" duration-ms="6959" status="PASS">
          <params>
            <param index="0">
              <value>
                <![CDATA[Chrome]]>
              </value>
            </param>
            <param index="1">
              <value>
                <![CDATA[https://www.demoblaze.com/]]>
              </value>
            </param>
          </params>
          <reporter-output>
          </reporter-output>
        </test-method> <!-- browserLaunchAndUrlLoad -->
        <test-method signature="testViewProductDetails()[pri:4, instance:tests.NavigationModule@4562e04d]" started-at="2025-07-02T13:33:23 IST" name="testViewProductDetails" finished-at="2025-07-02T13:33:26 IST" duration-ms="2711" status="PASS">
          <reporter-output>
          </reporter-output>
        </test-method> <!-- testViewProductDetails -->
      </class> <!-- tests.NavigationModule -->
      <class name="tests.LoginModule">
        <test-method is-config="true" signature="createReport()[pri:0, instance:tests.LoginModule@35d019a3]" started-at="2025-07-02T13:31:25 IST" name="createReport" finished-at="2025-07-02T13:31:25 IST" duration-ms="175" status="PASS">
          <reporter-output>
          </reporter-output>
        </test-method> <!-- createReport -->
        <test-method is-config="true" signature="setup()[pri:0, instance:tests.LoginModule@35d019a3]" started-at="2025-07-02T13:31:25 IST" name="setup" finished-at="2025-07-02T13:31:25 IST" duration-ms="0" status="PASS">
          <reporter-output>
          </reporter-output>
        </test-method> <!-- setup -->
        <test-method is-config="true" signature="testDeatils()[pri:0, instance:tests.LoginModule@35d019a3]" started-at="2025-07-02T13:31:25 IST" name="testDeatils" finished-at="2025-07-02T13:31:25 IST" duration-ms="7" status="PASS">
          <reporter-output>
          </reporter-output>
        </test-method> <!-- testDeatils -->
        <test-method is-config="true" signature="browserLaunchAndUrlLoad(java.lang.String,java.lang.String)[pri:0, instance:tests.LoginModule@35d019a3]" started-at="2025-07-02T13:31:26 IST" name="browserLaunchAndUrlLoad" finished-at="2025-07-02T13:31:32 IST" duration-ms="6301" status="PASS">
          <params>
            <param index="0">
              <value>
                <![CDATA[Chrome]]>
              </value>
            </param>
            <param index="1">
              <value>
                <![CDATA[https://www.demoblaze.com/]]>
              </value>
            </param>
          </params>
          <reporter-output>
          </reporter-output>
        </test-method> <!-- browserLaunchAndUrlLoad -->
        <test-method signature="LoginFunctionality(java.lang.String,java.lang.String,java.lang.String,java.lang.String)[pri:0, instance:tests.LoginModule@35d019a3]" started-at="2025-07-02T13:31:32 IST" name="LoginFunctionality" data-provider="readData" finished-at="2025-07-02T13:31:34 IST" duration-ms="1590" status="PASS">
          <params>
            <param index="0">
              <value>
                <![CDATA[May Happy]]>
              </value>
            </param>
            <param index="1">
              <value>
                <![CDATA[abdul123]]>
              </value>
            </param>
            <param index="2">
              <value>
                <![CDATA[Valid]]>
              </value>
            </param>
            <param index="3">
              <value>
                <![CDATA[Welcome]]>
              </value>
            </param>
          </params>
          <reporter-output>
          </reporter-output>
        </test-method> <!-- LoginFunctionality -->
        <test-method is-config="true" signature="browserLaunchAndUrlLoad(java.lang.String,java.lang.String)[pri:0, instance:tests.LoginModule@35d019a3]" started-at="2025-07-02T13:31:34 IST" name="browserLaunchAndUrlLoad" finished-at="2025-07-02T13:31:40 IST" duration-ms="5907" status="PASS">
          <params>
            <param index="0">
              <value>
                <![CDATA[Chrome]]>
              </value>
            </param>
            <param index="1">
              <value>
                <![CDATA[https://www.demoblaze.com/]]>
              </value>
            </param>
          </params>
          <reporter-output>
          </reporter-output>
        </test-method> <!-- browserLaunchAndUrlLoad -->
        <test-method signature="LoginFunctionality(java.lang.String,java.lang.String,java.lang.String,java.lang.String)[pri:0, instance:tests.LoginModule@35d019a3]" started-at="2025-07-02T13:31:40 IST" name="LoginFunctionality" data-provider="readData" finished-at="2025-07-02T13:31:42 IST" duration-ms="1657" status="PASS">
          <params>
            <param index="0">
              <value>
                <![CDATA[]]>
              </value>
            </param>
            <param index="1">
              <value>
                <![CDATA[]]>
              </value>
            </param>
            <param index="2">
              <value>
                <![CDATA[No User]]>
              </value>
            </param>
            <param index="3">
              <value>
                <![CDATA[Please fill out Username and Password.]]>
              </value>
            </param>
          </params>
          <reporter-output>
          </reporter-output>
        </test-method> <!-- LoginFunctionality -->
        <test-method is-config="true" signature="browserLaunchAndUrlLoad(java.lang.String,java.lang.String)[pri:0, instance:tests.LoginModule@35d019a3]" started-at="2025-07-02T13:31:42 IST" name="browserLaunchAndUrlLoad" finished-at="2025-07-02T13:31:48 IST" duration-ms="5902" status="PASS">
          <params>
            <param index="0">
              <value>
                <![CDATA[Chrome]]>
              </value>
            </param>
            <param index="1">
              <value>
                <![CDATA[https://www.demoblaze.com/]]>
              </value>
            </param>
          </params>
          <reporter-output>
          </reporter-output>
        </test-method> <!-- browserLaunchAndUrlLoad -->
        <test-method signature="LoginFunctionality(java.lang.String,java.lang.String,java.lang.String,java.lang.String)[pri:0, instance:tests.LoginModule@35d019a3]" started-at="2025-07-02T13:31:48 IST" name="LoginFunctionality" data-provider="readData" finished-at="2025-07-02T13:31:50 IST" duration-ms="1828" status="FAIL">
          <params>
            <param index="0">
              <value>
                <![CDATA[May Happy]]>
              </value>
            </param>
            <param index="1">
              <value>
                <![CDATA[Abdy]]>
              </value>
            </param>
            <param index="2">
              <value>
                <![CDATA[Wrong Password]]>
              </value>
            </param>
            <param index="3">
              <value>
                <![CDATA[Wrong password.]]>
              </value>
            </param>
          </params>
          <exception class="java.lang.AssertionError">
            <message>
              <![CDATA[expected [Wrong password.] but found [Please fill out Username and Password.]]]>
            </message>
            <full-stacktrace>
              <![CDATA[java.lang.AssertionError: expected [Wrong password.] but found [Please fill out Username and Password.]
at org.testng.Assert.fail(Assert.java:111)
at org.testng.Assert.failNotEquals(Assert.java:1590)
at org.testng.Assert.assertEqualsImpl(Assert.java:150)
at org.testng.Assert.assertEquals(Assert.java:132)
at org.testng.Assert.assertEquals(Assert.java:656)
at org.testng.Assert.assertEquals(Assert.java:666)
at pages.LoginPage.validateLogin(LoginPage.java:80)
at tests.LoginModule.LoginFunctionality(LoginModule.java:35)
at java.base/jdk.internal.reflect.DirectMethodHandleAccessor.invoke(DirectMethodHandleAccessor.java:103)
at java.base/java.lang.reflect.Method.invoke(Method.java:580)
at org.testng.internal.invokers.MethodInvocationHelper.invokeMethod(MethodInvocationHelper.java:141)
at org.testng.internal.invokers.TestInvoker.invokeMethod(TestInvoker.java:687)
at org.testng.internal.invokers.TestInvoker.invokeTestMethod(TestInvoker.java:230)
at org.testng.internal.invokers.MethodRunner.runInSequence(MethodRunner.java:63)
at org.testng.internal.invokers.TestInvoker$MethodInvocationAgent.invoke(TestInvoker.java:995)
at org.testng.internal.invokers.TestInvoker.invokeTestMethods(TestInvoker.java:203)
at org.testng.internal.invokers.TestMethodWorker.invokeTestMethods(TestMethodWorker.java:154)
at org.testng.internal.invokers.TestMethodWorker.run(TestMethodWorker.java:134)
at java.base/java.util.ArrayList.forEach(ArrayList.java:1596)
at org.testng.TestRunner.privateRun(TestRunner.java:741)
at org.testng.TestRunner.run(TestRunner.java:616)
at org.testng.SuiteRunner.runTest(SuiteRunner.java:421)
at org.testng.SuiteRunner.runSequentially(SuiteRunner.java:413)
at org.testng.SuiteRunner.privateRun(SuiteRunner.java:373)
at org.testng.SuiteRunner.run(SuiteRunner.java:312)
at org.testng.SuiteRunnerWorker.runSuite(SuiteRunnerWorker.java:52)
at org.testng.SuiteRunnerWorker.run(SuiteRunnerWorker.java:95)
at org.testng.TestNG.runSuitesSequentially(TestNG.java:1274)
at org.testng.TestNG.runSuitesLocally(TestNG.java:1208)
at org.testng.TestNG.runSuites(TestNG.java:1112)
at org.testng.TestNG.run(TestNG.java:1079)
at org.apache.maven.surefire.testng.TestNGExecutor.run(TestNGExecutor.java:308)
at org.apache.maven.surefire.testng.TestNGXmlTestSuite.execute(TestNGXmlTestSuite.java:71)
at org.apache.maven.surefire.testng.TestNGProvider.invoke(TestNGProvider.java:113)
at org.apache.maven.surefire.booter.ForkedBooter.runSuitesInProcess(ForkedBooter.java:385)
at org.apache.maven.surefire.booter.ForkedBooter.execute(ForkedBooter.java:162)
at org.apache.maven.surefire.booter.ForkedBooter.run(ForkedBooter.java:507)
at org.apache.maven.surefire.booter.ForkedBooter.main(ForkedBooter.java:495)
]]>
            </full-stacktrace>
          </exception> <!-- java.lang.AssertionError -->
          <reporter-output>
          </reporter-output>
        </test-method> <!-- LoginFunctionality -->
        <test-method is-config="true" signature="browserLaunchAndUrlLoad(java.lang.String,java.lang.String)[pri:0, instance:tests.LoginModule@35d019a3]" started-at="2025-07-02T13:31:50 IST" name="browserLaunchAndUrlLoad" finished-at="2025-07-02T13:31:55 IST" duration-ms="5462" status="PASS">
          <params>
            <param index="0">
              <value>
                <![CDATA[Chrome]]>
              </value>
            </param>
            <param index="1">
              <value>
                <![CDATA[https://www.demoblaze.com/]]>
              </value>
            </param>
          </params>
          <reporter-output>
          </reporter-output>
        </test-method> <!-- browserLaunchAndUrlLoad -->
        <test-method signature="LoginFunctionality(java.lang.String,java.lang.String,java.lang.String,java.lang.String)[pri:0, instance:tests.LoginModule@35d019a3]" started-at="2025-07-02T13:31:55 IST" name="LoginFunctionality" data-provider="readData" finished-at="2025-07-02T13:31:57 IST" duration-ms="1889" status="PASS">
          <params>
            <param index="0">
              <value>
                <![CDATA[Narutozzzzzzzzzzz]]>
              </value>
            </param>
            <param index="1">
              <value>
                <![CDATA[abdul123]]>
              </value>
            </param>
            <param index="2">
              <value>
                <![CDATA[Not Registered]]>
              </value>
            </param>
            <param index="3">
              <value>
                <![CDATA[User does not exist.]]>
              </value>
            </param>
          </params>
          <reporter-output>
          </reporter-output>
        </test-method> <!-- LoginFunctionality -->
        <test-method is-config="true" signature="closeReport()[pri:0, instance:tests.LoginModule@35d019a3]" started-at="2025-07-02T13:35:21 IST" name="closeReport" finished-at="2025-07-02T13:35:22 IST" duration-ms="815" status="PASS">
          <reporter-output>
          </reporter-output>
        </test-method> <!-- closeReport -->
      </class> <!-- tests.LoginModule -->
      <class name="tests.SignUpModule">
        <test-method is-config="true" signature="setup()[pri:0, instance:tests.SignUpModule@6302bbb1]" started-at="2025-07-02T13:31:25 IST" name="setup" finished-at="2025-07-02T13:31:25 IST" duration-ms="1" status="PASS">
          <reporter-output>
          </reporter-output>
        </test-method> <!-- setup -->
        <test-method is-config="true" signature="testDeatils()[pri:0, instance:tests.SignUpModule@6302bbb1]" started-at="2025-07-02T13:34:42 IST" name="testDeatils" finished-at="2025-07-02T13:34:42 IST" duration-ms="1" status="PASS">
          <reporter-output>
          </reporter-output>
        </test-method> <!-- testDeatils -->
        <test-method is-config="true" signature="browserLaunchAndUrlLoad(java.lang.String,java.lang.String)[pri:0, instance:tests.SignUpModule@6302bbb1]" started-at="2025-07-02T13:34:42 IST" name="browserLaunchAndUrlLoad" finished-at="2025-07-02T13:34:48 IST" duration-ms="5899" status="PASS">
          <params>
            <param index="0">
              <value>
                <![CDATA[Chrome]]>
              </value>
            </param>
            <param index="1">
              <value>
                <![CDATA[https://www.demoblaze.com/]]>
              </value>
            </param>
          </params>
          <reporter-output>
          </reporter-output>
        </test-method> <!-- browserLaunchAndUrlLoad -->
        <test-method signature="SignUp(java.lang.String,java.lang.String,java.lang.String,java.lang.String)[pri:0, instance:tests.SignUpModule@6302bbb1]" started-at="2025-07-02T13:34:48 IST" name="SignUp" data-provider="readData" finished-at="2025-07-02T13:34:50 IST" duration-ms="2145" status="PASS">
          <params>
            <param index="0">
              <value>
                <![CDATA[Iron Groot]]>
              </value>
            </param>
            <param index="1">
              <value>
                <![CDATA[abdul123]]>
              </value>
            </param>
            <param index="2">
              <value>
                <![CDATA[Valid]]>
              </value>
            </param>
            <param index="3">
              <value>
                <![CDATA[Sign up successful.]]>
              </value>
            </param>
          </params>
          <reporter-output>
          </reporter-output>
        </test-method> <!-- SignUp -->
        <test-method is-config="true" signature="browserLaunchAndUrlLoad(java.lang.String,java.lang.String)[pri:0, instance:tests.SignUpModule@6302bbb1]" started-at="2025-07-02T13:34:50 IST" name="browserLaunchAndUrlLoad" finished-at="2025-07-02T13:34:57 IST" duration-ms="6579" status="PASS">
          <params>
            <param index="0">
              <value>
                <![CDATA[Chrome]]>
              </value>
            </param>
            <param index="1">
              <value>
                <![CDATA[https://www.demoblaze.com/]]>
              </value>
            </param>
          </params>
          <reporter-output>
          </reporter-output>
        </test-method> <!-- browserLaunchAndUrlLoad -->
        <test-method signature="SignUp(java.lang.String,java.lang.String,java.lang.String,java.lang.String)[pri:0, instance:tests.SignUpModule@6302bbb1]" started-at="2025-07-02T13:34:57 IST" name="SignUp" data-provider="readData" finished-at="2025-07-02T13:34:58 IST" duration-ms="749" status="PASS">
          <params>
            <param index="0">
              <value>
                <![CDATA[]]>
              </value>
            </param>
            <param index="1">
              <value>
                <![CDATA[]]>
              </value>
            </param>
            <param index="2">
              <value>
                <![CDATA[No User]]>
              </value>
            </param>
            <param index="3">
              <value>
                <![CDATA[Please fill out Username and Password.]]>
              </value>
            </param>
          </params>
          <reporter-output>
          </reporter-output>
        </test-method> <!-- SignUp -->
        <test-method is-config="true" signature="browserLaunchAndUrlLoad(java.lang.String,java.lang.String)[pri:0, instance:tests.SignUpModule@6302bbb1]" started-at="2025-07-02T13:34:58 IST" name="browserLaunchAndUrlLoad" finished-at="2025-07-02T13:35:05 IST" duration-ms="6790" status="PASS">
          <params>
            <param index="0">
              <value>
                <![CDATA[Chrome]]>
              </value>
            </param>
            <param index="1">
              <value>
                <![CDATA[https://www.demoblaze.com/]]>
              </value>
            </param>
          </params>
          <reporter-output>
          </reporter-output>
        </test-method> <!-- browserLaunchAndUrlLoad -->
        <test-method signature="SignUp(java.lang.String,java.lang.String,java.lang.String,java.lang.String)[pri:0, instance:tests.SignUpModule@6302bbb1]" started-at="2025-07-02T13:35:05 IST" name="SignUp" data-provider="readData" finished-at="2025-07-02T13:35:07 IST" duration-ms="2652" status="PASS">
          <params>
            <param index="0">
              <value>
                <![CDATA[July Happy]]>
              </value>
            </param>
            <param index="1">
              <value>
                <![CDATA[abdul123]]>
              </value>
            </param>
            <param index="2">
              <value>
                <![CDATA[Duplicate]]>
              </value>
            </param>
            <param index="3">
              <value>
                <![CDATA[This user already exist.]]>
              </value>
            </param>
          </params>
          <reporter-output>
          </reporter-output>
        </test-method> <!-- SignUp -->
      </class> <!-- tests.SignUpModule -->
      <class name="tests.AddToCartModule">
        <test-method is-config="true" signature="setup()[pri:0, instance:tests.AddToCartModule@4135c3b]" started-at="2025-07-02T13:31:25 IST" name="setup" finished-at="2025-07-02T13:31:25 IST" duration-ms="1" status="PASS">
          <reporter-output>
          </reporter-output>
        </test-method> <!-- setup -->
        <test-method is-config="true" signature="testDeatils()[pri:0, instance:tests.AddToCartModule@4135c3b]" started-at="2025-07-02T13:33:55 IST" name="testDeatils" finished-at="2025-07-02T13:33:55 IST" duration-ms="0" status="PASS">
          <reporter-output>
          </reporter-output>
        </test-method> <!-- testDeatils -->
        <test-method is-config="true" signature="browserLaunchAndUrlLoad(java.lang.String,java.lang.String)[pri:0, instance:tests.AddToCartModule@4135c3b]" started-at="2025-07-02T13:33:55 IST" name="browserLaunchAndUrlLoad" finished-at="2025-07-02T13:34:01 IST" duration-ms="6089" status="PASS">
          <params>
            <param index="0">
              <value>
                <![CDATA[Chrome]]>
              </value>
            </param>
            <param index="1">
              <value>
                <![CDATA[https://www.demoblaze.com/]]>
              </value>
            </param>
          </params>
          <reporter-output>
          </reporter-output>
        </test-method> <!-- browserLaunchAndUrlLoad -->
        <test-method signature="testAddProductToCart()[pri:1, instance:tests.AddToCartModule@4135c3b]" started-at="2025-07-02T13:34:01 IST" name="testAddProductToCart" finished-at="2025-07-02T13:34:08 IST" duration-ms="6716" status="PASS">
          <reporter-output>
          </reporter-output>
        </test-method> <!-- testAddProductToCart -->
        <test-method is-config="true" signature="browserLaunchAndUrlLoad(java.lang.String,java.lang.String)[pri:0, instance:tests.AddToCartModule@4135c3b]" started-at="2025-07-02T13:34:08 IST" name="browserLaunchAndUrlLoad" finished-at="2025-07-02T13:34:15 IST" duration-ms="6848" status="PASS">
          <params>
            <param index="0">
              <value>
                <![CDATA[Chrome]]>
              </value>
            </param>
            <param index="1">
              <value>
                <![CDATA[https://www.demoblaze.com/]]>
              </value>
            </param>
          </params>
          <reporter-output>
          </reporter-output>
        </test-method> <!-- browserLaunchAndUrlLoad -->
        <test-method signature="RemoveAddedProductFromCart()[pri:2, instance:tests.AddToCartModule@4135c3b]" started-at="2025-07-02T13:34:15 IST" name="RemoveAddedProductFromCart" finished-at="2025-07-02T13:34:22 IST" duration-ms="7193" status="PASS">
          <reporter-output>
          </reporter-output>
        </test-method> <!-- RemoveAddedProductFromCart -->
        <test-method is-config="true" signature="browserLaunchAndUrlLoad(java.lang.String,java.lang.String)[pri:0, instance:tests.AddToCartModule@4135c3b]" started-at="2025-07-02T13:34:22 IST" name="browserLaunchAndUrlLoad" finished-at="2025-07-02T13:34:28 IST" duration-ms="5963" status="PASS">
          <params>
            <param index="0">
              <value>
                <![CDATA[Chrome]]>
              </value>
            </param>
            <param index="1">
              <value>
                <![CDATA[https://www.demoblaze.com/]]>
              </value>
            </param>
          </params>
          <reporter-output>
          </reporter-output>
        </test-method> <!-- browserLaunchAndUrlLoad -->
        <test-method signature="AddMutilpleProductToCart()[pri:3, instance:tests.AddToCartModule@4135c3b]" started-at="2025-07-02T13:34:28 IST" name="AddMutilpleProductToCart" finished-at="2025-07-02T13:34:42 IST" duration-ms="13634" status="PASS">
          <reporter-output>
          </reporter-output>
        </test-method> <!-- AddMutilpleProductToCart -->
      </class> <!-- tests.AddToCartModule -->
      <class name="tests.PlaceOrderModule">
        <test-method is-config="true" signature="setup()[pri:0, instance:tests.PlaceOrderModule@2a65fe7c]" started-at="2025-07-02T13:31:25 IST" name="setup" finished-at="2025-07-02T13:31:25 IST" duration-ms="0" status="PASS">
          <reporter-output>
          </reporter-output>
        </test-method> <!-- setup -->
        <test-method is-config="true" signature="testDeatils()[pri:0, instance:tests.PlaceOrderModule@2a65fe7c]" started-at="2025-07-02T13:33:26 IST" name="testDeatils" finished-at="2025-07-02T13:33:26 IST" duration-ms="0" status="PASS">
          <reporter-output>
          </reporter-output>
        </test-method> <!-- testDeatils -->
        <test-method is-config="true" signature="browserLaunchAndUrlLoad(java.lang.String,java.lang.String)[pri:0, instance:tests.PlaceOrderModule@2a65fe7c]" started-at="2025-07-02T13:33:26 IST" name="browserLaunchAndUrlLoad" finished-at="2025-07-02T13:33:33 IST" duration-ms="6831" status="PASS">
          <params>
            <param index="0">
              <value>
                <![CDATA[Chrome]]>
              </value>
            </param>
            <param index="1">
              <value>
                <![CDATA[https://www.demoblaze.com/]]>
              </value>
            </param>
          </params>
          <reporter-output>
          </reporter-output>
        </test-method> <!-- browserLaunchAndUrlLoad -->
        <test-method signature="testPlaceOrderWithValidDetails()[pri:1, instance:tests.PlaceOrderModule@2a65fe7c]" started-at="2025-07-02T13:33:33 IST" name="testPlaceOrderWithValidDetails" finished-at="2025-07-02T13:33:43 IST" duration-ms="9447" status="PASS">
          <reporter-output>
          </reporter-output>
        </test-method> <!-- testPlaceOrderWithValidDetails -->
        <test-method is-config="true" signature="browserLaunchAndUrlLoad(java.lang.String,java.lang.String)[pri:0, instance:tests.PlaceOrderModule@2a65fe7c]" started-at="2025-07-02T13:33:43 IST" name="browserLaunchAndUrlLoad" finished-at="2025-07-02T13:33:49 IST" duration-ms="6262" status="PASS">
          <params>
            <param index="0">
              <value>
                <![CDATA[Chrome]]>
              </value>
            </param>
            <param index="1">
              <value>
                <![CDATA[https://www.demoblaze.com/]]>
              </value>
            </param>
          </params>
          <reporter-output>
          </reporter-output>
        </test-method> <!-- browserLaunchAndUrlLoad -->
        <test-method signature="testPlaceOrderWithEmptyForm()[pri:2, instance:tests.PlaceOrderModule@2a65fe7c]" started-at="2025-07-02T13:33:49 IST" name="testPlaceOrderWithEmptyForm" finished-at="2025-07-02T13:33:55 IST" duration-ms="5562" status="FAIL">
          <exception class="org.openqa.selenium.ElementClickInterceptedException">
            <message>
              <![CDATA[element click intercepted: Element <button type="button" onclick="purchaseOrder()" class="btn btn-primary">...</button> is not clickable at point (936, 659). Other element would receive the click: <div class="form-group">...</div>
  (Session info: chrome=138.0.7204.97)
Build info: version: '4.32.0', revision: 'd17c8aa950'
System info: os.name: 'Windows 11', os.arch: 'amd64', os.version: '10.0', java.version: '21.0.6'
Driver info: org.openqa.selenium.chrome.ChromeDriver
Command: [28607bc9f89c7de60b5e3205545dfe37, clickElement {id=f.3A210C897B8B11226C8398F5F8E4C5BD.d.70C0F5D49B553EB7A2F4519394841673.e.196}]
Capabilities {acceptInsecureCerts: false, browserName: chrome, browserVersion: 138.0.7204.97, chrome: {chromedriverVersion: 138.0.7204.92 (f079b9bc781e..., userDataDir: C:\Users\Vaseera\AppData\Lo...}, fedcm:accounts: true, goog:chromeOptions: {debuggerAddress: localhost:50487}, networkConnectionEnabled: false, pageLoadStrategy: normal, platformName: windows, proxy: Proxy(), se:cdp: ws://localhost:50487/devtoo..., se:cdpVersion: 138.0.7204.97, setWindowRect: true, strictFileInteractability: false, timeouts: {implicit: 0, pageLoad: 300000, script: 30000}, unhandledPromptBehavior: dismiss and notify, webauthn:extension:credBlob: true, webauthn:extension:largeBlob: true, webauthn:extension:minPinLength: true, webauthn:extension:prf: true, webauthn:virtualAuthenticators: true}
Element: [[ChromeDriver: chrome on windows (28607bc9f89c7de60b5e3205545dfe37)] -> xpath: //button[text()='Purchase']]
Session ID: 28607bc9f89c7de60b5e3205545dfe37]]>
            </message>
            <full-stacktrace>
              <![CDATA[org.openqa.selenium.ElementClickInterceptedException: element click intercepted: Element <button type="button" onclick="purchaseOrder()" class="btn btn-primary">...</button> is not clickable at point (936, 659). Other element would receive the click: <div class="form-group">...</div>
  (Session info: chrome=138.0.7204.97)
Build info: version: '4.32.0', revision: 'd17c8aa950'
System info: os.name: 'Windows 11', os.arch: 'amd64', os.version: '10.0', java.version: '21.0.6'
Driver info: org.openqa.selenium.chrome.ChromeDriver
Command: [28607bc9f89c7de60b5e3205545dfe37, clickElement {id=f.3A210C897B8B11226C8398F5F8E4C5BD.d.70C0F5D49B553EB7A2F4519394841673.e.196}]
Capabilities {acceptInsecureCerts: false, browserName: chrome, browserVersion: 138.0.7204.97, chrome: {chromedriverVersion: 138.0.7204.92 (f079b9bc781e..., userDataDir: C:\Users\Vaseera\AppData\Lo...}, fedcm:accounts: true, goog:chromeOptions: {debuggerAddress: localhost:50487}, networkConnectionEnabled: false, pageLoadStrategy: normal, platformName: windows, proxy: Proxy(), se:cdp: ws://localhost:50487/devtoo..., se:cdpVersion: 138.0.7204.97, setWindowRect: true, strictFileInteractability: false, timeouts: {implicit: 0, pageLoad: 300000, script: 30000}, unhandledPromptBehavior: dismiss and notify, webauthn:extension:credBlob: true, webauthn:extension:largeBlob: true, webauthn:extension:minPinLength: true, webauthn:extension:prf: true, webauthn:virtualAuthenticators: true}
Element: [[ChromeDriver: chrome on windows (28607bc9f89c7de60b5e3205545dfe37)] -> xpath: //button[text()='Purchase']]
Session ID: 28607bc9f89c7de60b5e3205545dfe37
at java.base/jdk.internal.reflect.DirectConstructorHandleAccessor.newInstance(DirectConstructorHandleAccessor.java:62)
at java.base/java.lang.reflect.Constructor.newInstanceWithCaller(Constructor.java:502)
at java.base/java.lang.reflect.Constructor.newInstance(Constructor.java:486)
at org.openqa.selenium.remote.ErrorCodec.decode(ErrorCodec.java:167)
at org.openqa.selenium.remote.codec.w3c.W3CHttpResponseCodec.decode(W3CHttpResponseCodec.java:138)
at org.openqa.selenium.remote.codec.w3c.W3CHttpResponseCodec.decode(W3CHttpResponseCodec.java:50)
at org.openqa.selenium.remote.HttpCommandExecutor.execute(HttpCommandExecutor.java:215)
at org.openqa.selenium.remote.service.DriverCommandExecutor.invokeExecute(DriverCommandExecutor.java:216)
at org.openqa.selenium.remote.service.DriverCommandExecutor.execute(DriverCommandExecutor.java:174)
at org.openqa.selenium.remote.RemoteWebDriver.execute(RemoteWebDriver.java:545)
at org.openqa.selenium.remote.RemoteWebElement.execute(RemoteWebElement.java:223)
at org.openqa.selenium.remote.RemoteWebElement.click(RemoteWebElement.java:76)
at java.base/jdk.internal.reflect.DirectMethodHandleAccessor.invoke(DirectMethodHandleAccessor.java:103)
at java.base/java.lang.reflect.Method.invoke(Method.java:580)
at org.openqa.selenium.support.pagefactory.internal.LocatingElementHandler.invoke(LocatingElementHandler.java:51)
at jdk.proxy2/jdk.proxy2.$Proxy16.click(Unknown Source)
at pages.PlaceOrderPage.ClickPurchaseBtn(PlaceOrderPage.java:62)
at tests.PlaceOrderModule.testPlaceOrderWithEmptyForm(PlaceOrderModule.java:84)
at java.base/jdk.internal.reflect.DirectMethodHandleAccessor.invoke(DirectMethodHandleAccessor.java:103)
at java.base/java.lang.reflect.Method.invoke(Method.java:580)
at org.testng.internal.invokers.MethodInvocationHelper.invokeMethod(MethodInvocationHelper.java:141)
at org.testng.internal.invokers.TestInvoker.invokeMethod(TestInvoker.java:687)
at org.testng.internal.invokers.TestInvoker.invokeTestMethod(TestInvoker.java:230)
at org.testng.internal.invokers.MethodRunner.runInSequence(MethodRunner.java:63)
at org.testng.internal.invokers.TestInvoker$MethodInvocationAgent.invoke(TestInvoker.java:995)
at org.testng.internal.invokers.TestInvoker.invokeTestMethods(TestInvoker.java:203)
at org.testng.internal.invokers.TestMethodWorker.invokeTestMethods(TestMethodWorker.java:154)
at org.testng.internal.invokers.TestMethodWorker.run(TestMethodWorker.java:134)
at java.base/java.util.ArrayList.forEach(ArrayList.java:1596)
at org.testng.TestRunner.privateRun(TestRunner.java:741)
at org.testng.TestRunner.run(TestRunner.java:616)
at org.testng.SuiteRunner.runTest(SuiteRunner.java:421)
at org.testng.SuiteRunner.runSequentially(SuiteRunner.java:413)
at org.testng.SuiteRunner.privateRun(SuiteRunner.java:373)
at org.testng.SuiteRunner.run(SuiteRunner.java:312)
at org.testng.SuiteRunnerWorker.runSuite(SuiteRunnerWorker.java:52)
at org.testng.SuiteRunnerWorker.run(SuiteRunnerWorker.java:95)
at org.testng.TestNG.runSuitesSequentially(TestNG.java:1274)
at org.testng.TestNG.runSuitesLocally(TestNG.java:1208)
at org.testng.TestNG.runSuites(TestNG.java:1112)
at org.testng.TestNG.run(TestNG.java:1079)
at org.apache.maven.surefire.testng.TestNGExecutor.run(TestNGExecutor.java:308)
at org.apache.maven.surefire.testng.TestNGXmlTestSuite.execute(TestNGXmlTestSuite.java:71)
at org.apache.maven.surefire.testng.TestNGProvider.invoke(TestNGProvider.java:113)
at org.apache.maven.surefire.booter.ForkedBooter.runSuitesInProcess(ForkedBooter.java:385)
at org.apache.maven.surefire.booter.ForkedBooter.execute(ForkedBooter.java:162)
at org.apache.maven.surefire.booter.ForkedBooter.run(ForkedBooter.java:507)
at org.apache.maven.surefire.booter.ForkedBooter.main(ForkedBooter.java:495)
]]>
            </full-stacktrace>
          </exception> <!-- org.openqa.selenium.ElementClickInterceptedException -->
          <reporter-output>
          </reporter-output>
        </test-method> <!-- testPlaceOrderWithEmptyForm -->
      </class> <!-- tests.PlaceOrderModule -->
      <class name="tests.UIandUXModule">
        <test-method is-config="true" signature="setup()[pri:0, instance:tests.UIandUXModule@313ac989]" started-at="2025-07-02T13:31:25 IST" name="setup" finished-at="2025-07-02T13:31:25 IST" duration-ms="0" status="PASS">
          <reporter-output>
          </reporter-output>
        </test-method> <!-- setup -->
        <test-method is-config="true" signature="testDeatils()[pri:0, instance:tests.UIandUXModule@313ac989]" started-at="2025-07-02T13:32:13 IST" name="testDeatils" finished-at="2025-07-02T13:32:13 IST" duration-ms="0" status="PASS">
          <reporter-output>
          </reporter-output>
        </test-method> <!-- testDeatils -->
        <test-method is-config="true" signature="browserLaunchAndUrlLoad(java.lang.String,java.lang.String)[pri:0, instance:tests.UIandUXModule@313ac989]" started-at="2025-07-02T13:32:13 IST" name="browserLaunchAndUrlLoad" finished-at="2025-07-02T13:32:18 IST" duration-ms="5582" status="PASS">
          <params>
            <param index="0">
              <value>
                <![CDATA[Chrome]]>
              </value>
            </param>
            <param index="1">
              <value>
                <![CDATA[https://www.demoblaze.com/]]>
              </value>
            </param>
          </params>
          <reporter-output>
          </reporter-output>
        </test-method> <!-- browserLaunchAndUrlLoad -->
        <test-method signature="ProductTileAlignment()[pri:1, instance:tests.UIandUXModule@313ac989]" started-at="2025-07-02T13:32:18 IST" name="ProductTileAlignment" finished-at="2025-07-02T13:32:19 IST" duration-ms="1109" status="PASS">
          <reporter-output>
          </reporter-output>
        </test-method> <!-- ProductTileAlignment -->
        <test-method is-config="true" signature="browserLaunchAndUrlLoad(java.lang.String,java.lang.String)[pri:0, instance:tests.UIandUXModule@313ac989]" started-at="2025-07-02T13:32:20 IST" name="browserLaunchAndUrlLoad" finished-at="2025-07-02T13:32:25 IST" duration-ms="5792" status="PASS">
          <params>
            <param index="0">
              <value>
                <![CDATA[Chrome]]>
              </value>
            </param>
            <param index="1">
              <value>
                <![CDATA[https://www.demoblaze.com/]]>
              </value>
            </param>
          </params>
          <reporter-output>
          </reporter-output>
        </test-method> <!-- browserLaunchAndUrlLoad -->
        <test-method signature="getPasswordFieldType()[pri:2, instance:tests.UIandUXModule@313ac989]" started-at="2025-07-02T13:32:25 IST" name="getPasswordFieldType" finished-at="2025-07-02T13:32:26 IST" duration-ms="378" status="PASS">
          <reporter-output>
          </reporter-output>
        </test-method> <!-- getPasswordFieldType -->
        <test-method is-config="true" signature="browserLaunchAndUrlLoad(java.lang.String,java.lang.String)[pri:0, instance:tests.UIandUXModule@313ac989]" started-at="2025-07-02T13:32:26 IST" name="browserLaunchAndUrlLoad" finished-at="2025-07-02T13:32:32 IST" duration-ms="6456" status="PASS">
          <params>
            <param index="0">
              <value>
                <![CDATA[Chrome]]>
              </value>
            </param>
            <param index="1">
              <value>
                <![CDATA[https://www.demoblaze.com/]]>
              </value>
            </param>
          </params>
          <reporter-output>
          </reporter-output>
        </test-method> <!-- browserLaunchAndUrlLoad -->
        <test-method signature="ActionButtonsVisibility()[pri:3, instance:tests.UIandUXModule@313ac989]" started-at="2025-07-02T13:32:32 IST" name="ActionButtonsVisibility" finished-at="2025-07-02T13:32:33 IST" duration-ms="225" status="PASS">
          <reporter-output>
          </reporter-output>
        </test-method> <!-- ActionButtonsVisibility -->
        <test-method is-config="true" signature="browserLaunchAndUrlLoad(java.lang.String,java.lang.String)[pri:0, instance:tests.UIandUXModule@313ac989]" started-at="2025-07-02T13:32:33 IST" name="browserLaunchAndUrlLoad" finished-at="2025-07-02T13:32:39 IST" duration-ms="5759" status="PASS">
          <params>
            <param index="0">
              <value>
                <![CDATA[Chrome]]>
              </value>
            </param>
            <param index="1">
              <value>
                <![CDATA[https://www.demoblaze.com/]]>
              </value>
            </param>
          </params>
          <reporter-output>
          </reporter-output>
        </test-method> <!-- browserLaunchAndUrlLoad -->
        <test-method signature="FontConsistency()[pri:4, instance:tests.UIandUXModule@313ac989]" started-at="2025-07-02T13:32:39 IST" name="FontConsistency" finished-at="2025-07-02T13:32:39 IST" duration-ms="690" status="PASS">
          <reporter-output>
          </reporter-output>
        </test-method> <!-- FontConsistency -->
        <test-method signature="AlertPopupStyling()[pri:5, instance:tests.UIandUXModule@313ac989]" started-at="2025-07-02T13:32:40 IST" name="AlertPopupStyling" finished-at="2025-07-02T13:32:50 IST" duration-ms="10884" status="FAIL">
          <exception class="org.openqa.selenium.UnhandledAlertException">
            <message>
              <![CDATA[unexpected alert open: {Alert text : Product added}
  (Session info: chrome=138.0.7204.97): Product added
Build info: version: '4.32.0', revision: 'd17c8aa950'
System info: os.name: 'Windows 11', os.arch: 'amd64', os.version: '10.0', java.version: '21.0.6'
Driver info: org.openqa.selenium.chrome.ChromeDriver
Command: [46a33bdd451ce2818e4872051a9bd598, screenshot {}]
Capabilities {acceptInsecureCerts: false, browserName: chrome, browserVersion: 138.0.7204.97, chrome: {chromedriverVersion: 138.0.7204.92 (f079b9bc781e..., userDataDir: C:\Users\Vaseera\AppData\Lo...}, fedcm:accounts: true, goog:chromeOptions: {debuggerAddress: localhost:50296}, networkConnectionEnabled: false, pageLoadStrategy: normal, platformName: windows, proxy: Proxy(), se:cdp: ws://localhost:50296/devtoo..., se:cdpVersion: 138.0.7204.97, setWindowRect: true, strictFileInteractability: false, timeouts: {implicit: 0, pageLoad: 300000, script: 30000}, unhandledPromptBehavior: dismiss and notify, webauthn:extension:credBlob: true, webauthn:extension:largeBlob: true, webauthn:extension:minPinLength: true, webauthn:extension:prf: true, webauthn:virtualAuthenticators: true}
Session ID: 46a33bdd451ce2818e4872051a9bd598]]>
            </message>
            <full-stacktrace>
              <![CDATA[org.openqa.selenium.UnhandledAlertException: unexpected alert open: {Alert text : Product added}
  (Session info: chrome=138.0.7204.97): Product added
Build info: version: '4.32.0', revision: 'd17c8aa950'
System info: os.name: 'Windows 11', os.arch: 'amd64', os.version: '10.0', java.version: '21.0.6'
Driver info: org.openqa.selenium.chrome.ChromeDriver
Command: [46a33bdd451ce2818e4872051a9bd598, screenshot {}]
Capabilities {acceptInsecureCerts: false, browserName: chrome, browserVersion: 138.0.7204.97, chrome: {chromedriverVersion: 138.0.7204.92 (f079b9bc781e..., userDataDir: C:\Users\Vaseera\AppData\Lo...}, fedcm:accounts: true, goog:chromeOptions: {debuggerAddress: localhost:50296}, networkConnectionEnabled: false, pageLoadStrategy: normal, platformName: windows, proxy: Proxy(), se:cdp: ws://localhost:50296/devtoo..., se:cdpVersion: 138.0.7204.97, setWindowRect: true, strictFileInteractability: false, timeouts: {implicit: 0, pageLoad: 300000, script: 30000}, unhandledPromptBehavior: dismiss and notify, webauthn:extension:credBlob: true, webauthn:extension:largeBlob: true, webauthn:extension:minPinLength: true, webauthn:extension:prf: true, webauthn:virtualAuthenticators: true}
Session ID: 46a33bdd451ce2818e4872051a9bd598
at org.openqa.selenium.remote.codec.w3c.W3CHttpResponseCodec.decode(W3CHttpResponseCodec.java:136)
at org.openqa.selenium.remote.codec.w3c.W3CHttpResponseCodec.decode(W3CHttpResponseCodec.java:50)
at org.openqa.selenium.remote.HttpCommandExecutor.execute(HttpCommandExecutor.java:215)
at org.openqa.selenium.remote.service.DriverCommandExecutor.invokeExecute(DriverCommandExecutor.java:216)
at org.openqa.selenium.remote.service.DriverCommandExecutor.execute(DriverCommandExecutor.java:174)
at org.openqa.selenium.remote.RemoteWebDriver.execute(RemoteWebDriver.java:545)
at org.openqa.selenium.remote.RemoteWebDriver.execute(RemoteWebDriver.java:618)
at org.openqa.selenium.remote.RemoteWebDriver.execute(RemoteWebDriver.java:622)
at org.openqa.selenium.remote.RemoteWebDriver.getScreenshotAs(RemoteWebDriver.java:334)
at utils.Utility.screenShot(Utility.java:102)
at utils.Listeners.onTestSuccess(Listeners.java:22)
at org.testng.internal.TestListenerHelper.runTestListeners(TestListenerHelper.java:119)
at org.testng.internal.invokers.TestInvoker.runTestResultListener(TestInvoker.java:285)
at org.testng.internal.invokers.TestInvoker.invokeMethod(TestInvoker.java:777)
at org.testng.internal.invokers.TestInvoker.invokeTestMethod(TestInvoker.java:230)
at org.testng.internal.invokers.MethodRunner.runInSequence(MethodRunner.java:63)
at org.testng.internal.invokers.TestInvoker$MethodInvocationAgent.invoke(TestInvoker.java:995)
at org.testng.internal.invokers.TestInvoker.invokeTestMethods(TestInvoker.java:203)
at org.testng.internal.invokers.TestMethodWorker.invokeTestMethods(TestMethodWorker.java:154)
at org.testng.internal.invokers.TestMethodWorker.run(TestMethodWorker.java:134)
at java.base/java.util.ArrayList.forEach(ArrayList.java:1596)
at org.testng.TestRunner.privateRun(TestRunner.java:741)
at org.testng.TestRunner.run(TestRunner.java:616)
at org.testng.SuiteRunner.runTest(SuiteRunner.java:421)
at org.testng.SuiteRunner.runSequentially(SuiteRunner.java:413)
at org.testng.SuiteRunner.privateRun(SuiteRunner.java:373)
at org.testng.SuiteRunner.run(SuiteRunner.java:312)
at org.testng.SuiteRunnerWorker.runSuite(SuiteRunnerWorker.java:52)
at org.testng.SuiteRunnerWorker.run(SuiteRunnerWorker.java:95)
at org.testng.TestNG.runSuitesSequentially(TestNG.java:1274)
at org.testng.TestNG.runSuitesLocally(TestNG.java:1208)
at org.testng.TestNG.runSuites(TestNG.java:1112)
at org.testng.TestNG.run(TestNG.java:1079)
at org.apache.maven.surefire.testng.TestNGExecutor.run(TestNGExecutor.java:308)
at org.apache.maven.surefire.testng.TestNGXmlTestSuite.execute(TestNGXmlTestSuite.java:71)
at org.apache.maven.surefire.testng.TestNGProvider.invoke(TestNGProvider.java:113)
at org.apache.maven.surefire.booter.ForkedBooter.runSuitesInProcess(ForkedBooter.java:385)
at org.apache.maven.surefire.booter.ForkedBooter.execute(ForkedBooter.java:162)
at org.apache.maven.surefire.booter.ForkedBooter.run(ForkedBooter.java:507)
at org.apache.maven.surefire.booter.ForkedBooter.main(ForkedBooter.java:495)
]]>
            </full-stacktrace>
          </exception> <!-- org.openqa.selenium.UnhandledAlertException -->
          <reporter-output>
          </reporter-output>
        </test-method> <!-- AlertPopupStyling -->
        <test-method is-config="true" signature="browserLaunchAndUrlLoad(java.lang.String,java.lang.String)[pri:0, instance:tests.UIandUXModule@313ac989]" started-at="2025-07-02T13:32:40 IST" name="browserLaunchAndUrlLoad" finished-at="2025-07-02T13:32:46 IST" duration-ms="6611" status="PASS">
          <params>
            <param index="0">
              <value>
                <![CDATA[Chrome]]>
              </value>
            </param>
            <param index="1">
              <value>
                <![CDATA[https://www.demoblaze.com/]]>
              </value>
            </param>
          </params>
          <reporter-output>
          </reporter-output>
        </test-method> <!-- browserLaunchAndUrlLoad -->
      </class> <!-- tests.UIandUXModule -->
      <class name="tests.ResponsiveTestModule">
        <test-method is-config="true" signature="setup()[pri:0, instance:tests.ResponsiveTestModule@3023df74]" started-at="2025-07-02T13:31:25 IST" name="setup" finished-at="2025-07-02T13:31:25 IST" duration-ms="0" status="PASS">
          <reporter-output>
          </reporter-output>
        </test-method> <!-- setup -->
        <test-method is-config="true" signature="browserLaunchAndUrlLoad(java.lang.String,java.lang.String)[pri:0, instance:tests.ResponsiveTestModule@3023df74]" started-at="2025-07-02T13:31:57 IST" name="browserLaunchAndUrlLoad" finished-at="2025-07-02T13:32:03 IST" duration-ms="6005" status="PASS">
          <params>
            <param index="0">
              <value>
                <![CDATA[Chrome]]>
              </value>
            </param>
            <param index="1">
              <value>
                <![CDATA[https://www.demoblaze.com/]]>
              </value>
            </param>
          </params>
          <reporter-output>
          </reporter-output>
        </test-method> <!-- browserLaunchAndUrlLoad -->
        <test-method is-config="true" signature="testDeatils()[pri:0, instance:tests.ResponsiveTestModule@3023df74]" started-at="2025-07-02T13:31:57 IST" name="testDeatils" finished-at="2025-07-02T13:31:57 IST" duration-ms="0" status="PASS">
          <reporter-output>
          </reporter-output>
        </test-method> <!-- testDeatils -->
        <test-method signature="testNoHorizontalScrollOnMobile()[pri:1, instance:tests.ResponsiveTestModule@3023df74]" started-at="2025-07-02T13:32:03 IST" name="testNoHorizontalScrollOnMobile" finished-at="2025-07-02T13:32:05 IST" duration-ms="1501" status="PASS">
          <reporter-output>
          </reporter-output>
        </test-method> <!-- testNoHorizontalScrollOnMobile -->
        <test-method is-config="true" signature="browserLaunchAndUrlLoad(java.lang.String,java.lang.String)[pri:0, instance:tests.ResponsiveTestModule@3023df74]" started-at="2025-07-02T13:32:05 IST" name="browserLaunchAndUrlLoad" finished-at="2025-07-02T13:32:11 IST" duration-ms="5859" status="PASS">
          <params>
            <param index="0">
              <value>
                <![CDATA[Chrome]]>
              </value>
            </param>
            <param index="1">
              <value>
                <![CDATA[https://www.demoblaze.com/]]>
              </value>
            </param>
          </params>
          <reporter-output>
          </reporter-output>
        </test-method> <!-- browserLaunchAndUrlLoad -->
        <test-method signature="testNoHorizontalScrollOnTablet()[pri:2, instance:tests.ResponsiveTestModule@3023df74]" started-at="2025-07-02T13:32:11 IST" name="testNoHorizontalScrollOnTablet" finished-at="2025-07-02T13:32:12 IST" duration-ms="1497" status="PASS">
          <reporter-output>
          </reporter-output>
        </test-method> <!-- testNoHorizontalScrollOnTablet -->
      </class> <!-- tests.ResponsiveTestModule -->
      <class name="tests.LogOutModule">
        <test-method is-config="true" signature="setup()[pri:0, instance:tests.LogOutModule@31304f14]" started-at="2025-07-02T13:31:25 IST" name="setup" finished-at="2025-07-02T13:31:25 IST" duration-ms="0" status="PASS">
          <reporter-output>
          </reporter-output>
        </test-method> <!-- setup -->
        <test-method is-config="true" signature="testDeatils()[pri:0, instance:tests.LogOutModule@31304f14]" started-at="2025-07-02T13:35:08 IST" name="testDeatils" finished-at="2025-07-02T13:35:08 IST" duration-ms="2" status="PASS">
          <reporter-output>
          </reporter-output>
        </test-method> <!-- testDeatils -->
        <test-method is-config="true" signature="browserLaunchAndUrlLoad(java.lang.String,java.lang.String)[pri:0, instance:tests.LogOutModule@31304f14]" started-at="2025-07-02T13:35:08 IST" name="browserLaunchAndUrlLoad" finished-at="2025-07-02T13:35:14 IST" duration-ms="6234" status="PASS">
          <params>
            <param index="0">
              <value>
                <![CDATA[Chrome]]>
              </value>
            </param>
            <param index="1">
              <value>
                <![CDATA[https://www.demoblaze.com/]]>
              </value>
            </param>
          </params>
          <reporter-output>
          </reporter-output>
        </test-method> <!-- browserLaunchAndUrlLoad -->
        <test-method signature="LogoutFunctionality()[pri:0, instance:tests.LogOutModule@31304f14]" started-at="2025-07-02T13:35:14 IST" name="LogoutFunctionality" finished-at="2025-07-02T13:35:21 IST" duration-ms="6856" status="PASS">
          <reporter-output>
          </reporter-output>
        </test-method> <!-- LogoutFunctionality -->
      </class> <!-- tests.LogOutModule -->
    </test> <!-- Test -->
  </suite> <!-- Suite -->
</testng-results>
